<?xml version="1.0" encoding="UTF-8"?>
<!-- Generated by org.testng.reporters.JUnitReportReporter -->
<testsuite hostname="DESKTOP-IRO6CNU" failures="0" tests="3" name="tests.LoginTest" time="17.771" errors="0" timestamp="2024-06-04T14:27:55 EDT" skipped="0">
  <testcase classname="tests.LoginTest" name="Tc3_verifyRememberUserNameCheck" time="6.931"/>
  <testcase classname="tests.LoginTest" name="Tc4A_verifyForgetPassword" time="2.915"/>
  <testcase classname="tests.LoginTest" name="Tc2_verifyLoginWithCorrectCredentials" time="7.925"/>
</testsuite> <!-- tests.LoginTest -->
