<?xml version="1.0" encoding="UTF-8"?>
<!-- Generated by org.testng.reporters.JUnitReportReporter -->
<testsuite hostname="DESKTOP-IRO6CNU" failures="0" tests="1" name="tests.UserMenuTest" time="23.878" errors="0" timestamp="2024-05-27T19:51:59 EDT" skipped="0">
  <testcase classname="tests.UserMenuTest" name="selectMySettings_Tc07" time="23.878"/>
</testsuite> <!-- tests.UserMenuTest -->
